<?xml version="1.0" encoding="UTF-8"?>
<testng-results ignored="0" total="1" passed="1" failed="0" skipped="0">
  <reporter-output>
  </reporter-output>
  <suite started-at="2024-06-08T15:54:09 ICT" name="Register" finished-at="2024-06-08T15:54:16 ICT" duration-ms="6638">
    <groups>
    </groups>
    <test started-at="2024-06-08T15:54:09 ICT" name="TestOnChrome" finished-at="2024-06-08T15:54:16 ICT" duration-ms="6638">
      <class name="tests.RegisterTest">
        <test-method is-config="true" signature="openBrowser(java.lang.String)[pri:0, instance:tests.RegisterTest@6cd28fa7]" started-at="2024-06-08T15:54:09 ICT" name="openBrowser" finished-at="2024-06-08T15:54:14 ICT" duration-ms="4600" status="PASS">
          <params>
            <param index="0">
              <value>
                <![CDATA[chrome]]>
              </value>
            </param>
          </params>
          <reporter-output>
          </reporter-output>
        </test-method> <!-- openBrowser -->
        <test-method signature="registerSuccessfully()[pri:0, instance:tests.RegisterTest@6cd28fa7]" started-at="2024-06-08T15:54:14 ICT" name="registerSuccessfully" finished-at="2024-06-08T15:54:16 ICT" duration-ms="1987" status="PASS">
          <reporter-output>
          </reporter-output>
        </test-method> <!-- registerSuccessfully -->
      </class> <!-- tests.RegisterTest -->
    </test> <!-- TestOnChrome -->
  </suite> <!-- Register -->
</testng-results>
